2026-01-02 15:50:55,106 - __main__ - INFO - Starting Autonomous Incident Triage API on 127.0.0.1:8000
2026-01-02 15:51:31,850 - watchfiles.main - INFO - 1 change detected
2026-01-02 15:54:35,431 - watchfiles.main - INFO - 1 change detected
2026-01-02 15:54:36,790 - watchfiles.main - INFO - 1 change detected
2026-01-02 15:54:37,146 - watchfiles.main - INFO - 1 change detected
2026-01-02 15:54:37,553 - watchfiles.main - INFO - 1 change detected
2026-01-02 15:54:37,958 - watchfiles.main - INFO - 1 change detected
2026-01-02 15:54:38,365 - watchfiles.main - INFO - 1 change detected
2026-01-02 15:54:38,774 - watchfiles.main - INFO - 1 change detected
2026-01-02 15:54:39,193 - watchfiles.main - INFO - 1 change detected
2026-01-02 15:54:39,601 - watchfiles.main - INFO - 1 change detected
2026-01-02 15:54:40,007 - watchfiles.main - INFO - 1 change detected
2026-01-02 15:54:40,414 - watchfiles.main - INFO - 1 change detected
2026-01-02 15:54:40,819 - watchfiles.main - INFO - 1 change detected
2026-01-02 15:54:41,226 - watchfiles.main - INFO - 1 change detected
2026-01-02 15:54:41,629 - watchfiles.main - INFO - 1 change detected
2026-01-02 15:54:42,031 - watchfiles.main - INFO - 1 change detected
2026-01-02 15:54:42,444 - watchfiles.main - INFO - 1 change detected
2026-01-02 15:54:42,852 - watchfiles.main - INFO - 1 change detected
2026-01-02 15:54:43,257 - watchfiles.main - INFO - 1 change detected
2026-01-02 15:59:07,188 - __main__ - INFO - Starting Autonomous Incident Triage API on 127.0.0.1:8000
2026-01-04 11:10:28,445 - __main__ - INFO - Starting Autonomous Incident Triage API on 127.0.0.1:8000
2026-01-04 11:24:43,038 - watchfiles.main - INFO - 1 change detected
2026-01-04 11:25:46,554 - watchfiles.main - INFO - 2 changes detected
2026-01-04 11:25:48,734 - watchfiles.main - INFO - 1 change detected
2026-01-04 11:25:49,997 - watchfiles.main - INFO - 1 change detected
2026-01-04 11:25:50,402 - watchfiles.main - INFO - 1 change detected
2026-01-04 11:25:50,825 - watchfiles.main - INFO - 1 change detected
2026-01-04 11:25:51,230 - watchfiles.main - INFO - 1 change detected
2026-01-04 11:25:51,698 - watchfiles.main - INFO - 1 change detected
2026-01-04 11:25:52,133 - watchfiles.main - INFO - 1 change detected
2026-01-04 11:27:15,451 - __main__ - INFO - Starting Autonomous Incident Triage API on 127.0.0.1:8000
2026-01-04 11:27:19,663 - watchfiles.main - INFO - 5 changes detected
2026-01-04 11:27:21,343 - watchfiles.main - INFO - 1 change detected
2026-01-04 11:27:21,710 - watchfiles.main - INFO - 1 change detected
2026-01-04 11:27:22,157 - watchfiles.main - INFO - 1 change detected
2026-01-04 11:27:22,671 - watchfiles.main - INFO - 1 change detected
2026-01-04 11:27:23,180 - watchfiles.main - INFO - 1 change detected
2026-01-04 11:27:23,575 - watchfiles.main - INFO - 1 change detected
2026-01-04 11:27:23,978 - watchfiles.main - INFO - 1 change detected
2026-01-04 11:27:24,428 - watchfiles.main - INFO - 1 change detected
2026-01-04 11:27:24,883 - watchfiles.main - INFO - 1 change detected
2026-01-04 11:27:25,305 - watchfiles.main - INFO - 1 change detected
2026-01-04 11:27:25,700 - watchfiles.main - INFO - 1 change detected
2026-01-04 11:27:26,089 - watchfiles.main - INFO - 1 change detected
2026-01-04 11:27:26,459 - watchfiles.main - INFO - 1 change detected
2026-01-04 11:27:26,812 - watchfiles.main - INFO - 1 change detected
2026-01-04 11:27:27,162 - watchfiles.main - INFO - 1 change detected
2026-01-04 11:27:27,547 - watchfiles.main - INFO - 1 change detected
2026-01-04 11:27:27,948 - watchfiles.main - INFO - 1 change detected
2026-01-04 11:27:28,354 - watchfiles.main - INFO - 1 change detected
2026-01-04 11:27:28,788 - watchfiles.main - INFO - 1 change detected
2026-01-04 11:27:29,220 - watchfiles.main - INFO - 1 change detected
2026-01-04 11:27:29,605 - watchfiles.main - INFO - 1 change detected
2026-01-04 11:27:29,984 - watchfiles.main - INFO - 1 change detected
2026-01-04 11:27:30,347 - watchfiles.main - INFO - 1 change detected
2026-01-04 11:27:30,717 - watchfiles.main - INFO - 1 change detected
2026-01-04 11:27:31,113 - watchfiles.main - INFO - 1 change detected
2026-01-04 11:27:31,518 - watchfiles.main - INFO - 1 change detected
2026-01-04 11:27:31,973 - watchfiles.main - INFO - 1 change detected
2026-01-04 11:27:32,381 - watchfiles.main - INFO - 1 change detected
2026-01-04 11:27:32,782 - watchfiles.main - INFO - 1 change detected
2026-01-04 11:27:33,197 - watchfiles.main - INFO - 1 change detected
2026-01-04 11:27:33,553 - watchfiles.main - INFO - 1 change detected
2026-01-04 11:27:33,908 - watchfiles.main - INFO - 1 change detected
2026-01-04 11:27:34,421 - watchfiles.main - INFO - 1 change detected
2026-01-04 11:27:34,834 - watchfiles.main - INFO - 1 change detected
2026-01-04 11:27:35,308 - watchfiles.main - INFO - 1 change detected
2026-01-04 11:27:35,805 - watchfiles.main - INFO - 1 change detected
2026-01-04 11:27:36,242 - watchfiles.main - INFO - 1 change detected
2026-01-04 11:27:36,649 - watchfiles.main - INFO - 1 change detected
2026-01-04 11:27:37,064 - watchfiles.main - INFO - 1 change detected
2026-01-04 11:27:37,449 - watchfiles.main - INFO - 1 change detected
2026-01-04 11:27:37,861 - watchfiles.main - INFO - 1 change detected
2026-01-04 11:27:38,276 - watchfiles.main - INFO - 1 change detected
2026-01-04 11:27:38,692 - watchfiles.main - INFO - 1 change detected
2026-01-04 11:27:39,092 - watchfiles.main - INFO - 1 change detected
2026-01-04 11:27:39,495 - watchfiles.main - INFO - 1 change detected
2026-01-04 11:27:39,912 - watchfiles.main - INFO - 1 change detected
2026-01-04 11:27:40,285 - watchfiles.main - INFO - 1 change detected
2026-01-04 11:27:40,636 - watchfiles.main - INFO - 1 change detected
2026-01-04 11:27:41,018 - watchfiles.main - INFO - 1 change detected
2026-01-04 11:27:41,517 - watchfiles.main - INFO - 1 change detected
2026-01-04 11:27:41,998 - watchfiles.main - INFO - 1 change detected
2026-01-04 11:27:42,416 - watchfiles.main - INFO - 1 change detected
2026-01-04 11:27:42,807 - watchfiles.main - INFO - 1 change detected
2026-01-04 11:27:43,265 - watchfiles.main - INFO - 1 change detected
2026-01-04 11:27:43,674 - watchfiles.main - INFO - 1 change detected
2026-01-04 11:27:44,085 - watchfiles.main - INFO - 1 change detected
2026-01-04 11:27:44,477 - watchfiles.main - INFO - 1 change detected
2026-01-04 11:27:44,949 - watchfiles.main - INFO - 1 change detected
2026-01-04 11:27:45,401 - watchfiles.main - INFO - 1 change detected
2026-01-04 11:27:46,024 - watchfiles.main - INFO - 1 change detected
2026-01-04 11:27:46,453 - watchfiles.main - INFO - 1 change detected
2026-01-04 11:27:46,850 - watchfiles.main - INFO - 1 change detected
2026-01-04 11:27:47,222 - watchfiles.main - INFO - 1 change detected
2026-01-04 11:27:47,627 - watchfiles.main - INFO - 1 change detected
2026-01-04 11:27:48,074 - watchfiles.main - INFO - 1 change detected
2026-01-04 11:27:48,545 - watchfiles.main - INFO - 1 change detected
2026-01-04 11:27:49,023 - watchfiles.main - INFO - 1 change detected
2026-01-04 11:27:49,469 - watchfiles.main - INFO - 1 change detected
2026-01-04 11:27:49,965 - watchfiles.main - INFO - 1 change detected
2026-01-04 11:27:50,339 - watchfiles.main - INFO - 1 change detected
2026-01-04 11:27:50,693 - watchfiles.main - INFO - 1 change detected
2026-01-04 11:27:51,081 - watchfiles.main - INFO - 1 change detected
2026-01-04 11:27:51,481 - watchfiles.main - INFO - 1 change detected
2026-01-04 11:27:51,879 - watchfiles.main - INFO - 1 change detected
2026-01-04 11:27:52,273 - watchfiles.main - INFO - 1 change detected
2026-01-04 11:27:52,678 - watchfiles.main - INFO - 1 change detected
2026-01-04 11:27:53,071 - watchfiles.main - INFO - 1 change detected
2026-01-04 11:27:53,441 - watchfiles.main - INFO - 1 change detected
2026-01-04 11:27:53,807 - watchfiles.main - INFO - 1 change detected
2026-01-04 11:27:54,188 - watchfiles.main - INFO - 1 change detected
2026-01-04 11:27:54,606 - watchfiles.main - INFO - 1 change detected
2026-01-04 11:27:55,021 - watchfiles.main - INFO - 1 change detected
2026-01-04 11:27:55,466 - watchfiles.main - INFO - 1 change detected
2026-01-04 11:27:55,904 - watchfiles.main - INFO - 1 change detected
2026-01-04 11:27:56,427 - watchfiles.main - INFO - 1 change detected
2026-01-04 11:27:56,795 - watchfiles.main - INFO - 1 change detected
2026-01-04 11:27:57,212 - watchfiles.main - INFO - 1 change detected
2026-01-04 11:27:57,609 - watchfiles.main - INFO - 1 change detected
2026-01-04 11:27:58,091 - watchfiles.main - INFO - 1 change detected
2026-01-04 11:27:58,584 - watchfiles.main - INFO - 1 change detected
2026-01-04 11:27:59,036 - watchfiles.main - INFO - 1 change detected
2026-01-04 11:27:59,508 - watchfiles.main - INFO - 1 change detected
2026-01-04 11:27:59,924 - watchfiles.main - INFO - 1 change detected
2026-01-04 11:28:00,287 - watchfiles.main - INFO - 1 change detected
2026-01-04 11:28:00,740 - watchfiles.main - INFO - 1 change detected
2026-01-04 11:28:01,171 - watchfiles.main - INFO - 1 change detected
2026-01-04 11:28:01,643 - watchfiles.main - INFO - 1 change detected
2026-01-04 11:28:02,034 - watchfiles.main - INFO - 1 change detected
2026-01-04 11:28:02,506 - watchfiles.main - INFO - 1 change detected
2026-01-04 11:28:02,901 - watchfiles.main - INFO - 1 change detected
2026-01-04 11:28:03,329 - watchfiles.main - INFO - 1 change detected
2026-01-04 11:28:03,685 - watchfiles.main - INFO - 1 change detected
2026-01-04 11:28:04,095 - watchfiles.main - INFO - 1 change detected
2026-01-04 11:28:04,534 - watchfiles.main - INFO - 1 change detected
2026-01-04 11:28:04,920 - watchfiles.main - INFO - 1 change detected
2026-01-04 11:28:05,487 - watchfiles.main - INFO - 1 change detected
2026-01-04 11:28:05,890 - watchfiles.main - INFO - 1 change detected
2026-01-04 11:28:06,311 - watchfiles.main - INFO - 1 change detected
2026-01-04 11:28:06,732 - watchfiles.main - INFO - 1 change detected
2026-01-04 11:28:07,092 - watchfiles.main - INFO - 1 change detected
2026-01-04 11:28:07,489 - watchfiles.main - INFO - 1 change detected
2026-01-04 11:28:07,914 - watchfiles.main - INFO - 1 change detected
2026-01-04 11:28:08,334 - watchfiles.main - INFO - 1 change detected
2026-01-04 11:28:08,860 - watchfiles.main - INFO - 1 change detected
2026-01-04 11:28:09,368 - watchfiles.main - INFO - 1 change detected
2026-01-04 11:28:09,805 - watchfiles.main - INFO - 1 change detected
2026-01-04 11:28:10,504 - watchfiles.main - INFO - 1 change detected
2026-01-04 11:28:10,946 - watchfiles.main - INFO - 1 change detected
2026-01-04 11:28:12,217 - watchfiles.main - INFO - 1 change detected
2026-01-04 11:28:12,686 - watchfiles.main - INFO - 1 change detected
2026-01-04 11:28:13,107 - watchfiles.main - INFO - 1 change detected
2026-01-04 11:28:13,543 - watchfiles.main - INFO - 1 change detected
2026-01-04 11:28:14,109 - watchfiles.main - INFO - 1 change detected
2026-01-04 11:28:14,703 - watchfiles.main - INFO - 1 change detected
2026-01-04 11:28:15,117 - watchfiles.main - INFO - 1 change detected
2026-01-04 11:28:15,577 - watchfiles.main - INFO - 1 change detected
2026-01-04 11:28:16,588 - watchfiles.main - INFO - 1 change detected
2026-01-04 11:28:16,975 - watchfiles.main - INFO - 1 change detected
2026-01-04 11:28:17,442 - watchfiles.main - INFO - 1 change detected
2026-01-04 11:28:17,874 - watchfiles.main - INFO - 1 change detected
2026-01-04 11:28:18,293 - watchfiles.main - INFO - 1 change detected
2026-01-04 11:28:18,695 - watchfiles.main - INFO - 1 change detected
2026-01-04 11:28:19,117 - watchfiles.main - INFO - 1 change detected
2026-01-04 11:28:19,589 - watchfiles.main - INFO - 1 change detected
2026-01-04 11:28:20,177 - watchfiles.main - INFO - 1 change detected
2026-01-04 11:28:44,179 - __main__ - INFO - Starting Autonomous Incident Triage API on 127.0.0.1:8000
2026-01-04 11:28:45,917 - watchfiles.main - INFO - 5 changes detected
2026-01-04 11:28:46,284 - watchfiles.main - INFO - 1 change detected
2026-01-04 11:28:46,687 - watchfiles.main - INFO - 1 change detected
2026-01-04 11:28:47,073 - watchfiles.main - INFO - 1 change detected
2026-01-04 11:28:47,548 - watchfiles.main - INFO - 1 change detected
2026-01-04 11:28:47,953 - watchfiles.main - INFO - 1 change detected
2026-01-04 11:28:48,392 - watchfiles.main - INFO - 1 change detected
2026-01-04 11:28:48,808 - watchfiles.main - INFO - 1 change detected
2026-01-04 11:28:49,185 - watchfiles.main - INFO - 1 change detected
2026-01-04 11:28:49,588 - watchfiles.main - INFO - 1 change detected
2026-01-04 11:28:50,032 - watchfiles.main - INFO - 1 change detected
2026-01-04 11:28:50,475 - watchfiles.main - INFO - 1 change detected
2026-01-04 11:28:50,874 - watchfiles.main - INFO - 1 change detected
2026-01-04 11:28:51,253 - watchfiles.main - INFO - 1 change detected
2026-01-04 11:28:51,689 - watchfiles.main - INFO - 1 change detected
2026-01-04 11:28:52,055 - watchfiles.main - INFO - 1 change detected
2026-01-04 11:28:52,432 - watchfiles.main - INFO - 1 change detected
2026-01-04 11:28:52,836 - watchfiles.main - INFO - 1 change detected
2026-01-04 11:28:53,251 - watchfiles.main - INFO - 1 change detected
2026-01-04 11:28:53,659 - watchfiles.main - INFO - 1 change detected
2026-01-04 11:28:54,051 - watchfiles.main - INFO - 1 change detected
2026-01-04 11:29:25,286 - __main__ - INFO - Starting Autonomous Incident Triage API on 127.0.0.1:8000
2026-01-04 11:34:20,364 - __main__ - INFO - Starting Autonomous Incident Triage API on 127.0.0.1:8000
2026-01-04 11:34:28,499 - routes.auth_routes - INFO - New registration attempt for: ugbore2@gmail.com
2026-01-04 11:34:28,501 - services.user_service - INFO - Creating user: ugbore2@gmail.com
2026-01-04 11:34:28,729 - services.user_service - ERROR - Error creating user: 'UserCreateSchema' object has no attribute 'username'
2026-01-04 11:34:28,729 - routes.auth_routes - ERROR - Registration error: 'UserCreateSchema' object has no attribute 'username'
2026-01-04 11:35:02,214 - routes.auth_routes - INFO - New registration attempt for: ugbore2@gmail.com
2026-01-04 11:35:02,214 - services.user_service - INFO - Creating user: ugbore2@gmail.com
2026-01-04 11:35:02,580 - services.user_service - ERROR - Error creating user: 'UserCreateSchema' object has no attribute 'username'
2026-01-04 11:35:02,617 - routes.auth_routes - ERROR - Registration error: 'UserCreateSchema' object has no attribute 'username'
2026-01-04 11:35:07,374 - watchfiles.main - INFO - 1 change detected
2026-01-04 11:35:07,754 - watchfiles.main - INFO - 1 change detected
2026-01-04 11:35:08,156 - watchfiles.main - INFO - 1 change detected
2026-01-04 11:35:08,573 - watchfiles.main - INFO - 1 change detected
2026-01-04 11:35:09,089 - watchfiles.main - INFO - 1 change detected
2026-01-04 11:35:09,224 - routes.auth_routes - INFO - New registration attempt for: ugbore2@gmail.com
2026-01-04 11:35:09,241 - services.user_service - INFO - Creating user: ugbore2@gmail.com
2026-01-04 11:35:09,537 - watchfiles.main - INFO - 1 change detected
2026-01-04 11:35:09,627 - services.user_service - ERROR - Error creating user: 'UserCreateSchema' object has no attribute 'username'
2026-01-04 11:35:09,632 - routes.auth_routes - ERROR - Registration error: 'UserCreateSchema' object has no attribute 'username'
2026-01-04 11:35:09,913 - watchfiles.main - INFO - 1 change detected
2026-01-04 11:35:10,285 - watchfiles.main - INFO - 1 change detected
2026-01-04 11:35:10,642 - watchfiles.main - INFO - 1 change detected
2026-01-04 11:35:11,047 - watchfiles.main - INFO - 1 change detected
2026-01-04 11:35:11,510 - watchfiles.main - INFO - 1 change detected
2026-01-04 11:35:11,996 - watchfiles.main - INFO - 1 change detected
2026-01-04 11:35:12,457 - watchfiles.main - INFO - 1 change detected
2026-01-04 11:35:12,863 - watchfiles.main - INFO - 1 change detected
2026-01-04 11:35:13,228 - watchfiles.main - INFO - 1 change detected
2026-01-04 11:35:13,593 - watchfiles.main - INFO - 1 change detected
2026-01-04 11:35:14,042 - watchfiles.main - INFO - 1 change detected
2026-01-04 11:35:14,483 - watchfiles.main - INFO - 1 change detected
2026-01-04 11:35:14,911 - watchfiles.main - INFO - 1 change detected
2026-01-04 11:35:15,326 - watchfiles.main - INFO - 1 change detected
2026-01-04 11:35:15,786 - watchfiles.main - INFO - 1 change detected
2026-01-04 11:35:16,219 - watchfiles.main - INFO - 1 change detected
2026-01-04 11:35:16,631 - watchfiles.main - INFO - 1 change detected
2026-01-04 11:35:17,004 - watchfiles.main - INFO - 1 change detected
2026-01-04 11:35:17,403 - watchfiles.main - INFO - 1 change detected
2026-01-04 11:35:17,839 - watchfiles.main - INFO - 1 change detected
2026-01-04 11:35:18,267 - watchfiles.main - INFO - 1 change detected
2026-01-04 11:35:18,655 - watchfiles.main - INFO - 1 change detected
2026-01-04 11:35:19,042 - watchfiles.main - INFO - 1 change detected
2026-01-04 11:35:19,417 - watchfiles.main - INFO - 1 change detected
2026-01-04 11:35:19,830 - watchfiles.main - INFO - 1 change detected
2026-01-04 11:35:20,216 - watchfiles.main - INFO - 1 change detected
2026-01-04 11:35:20,601 - watchfiles.main - INFO - 1 change detected
2026-01-04 11:35:21,008 - watchfiles.main - INFO - 1 change detected
2026-01-04 11:35:21,417 - watchfiles.main - INFO - 1 change detected
2026-01-04 11:35:21,824 - watchfiles.main - INFO - 1 change detected
2026-01-04 11:35:22,220 - watchfiles.main - INFO - 1 change detected
2026-01-04 11:35:22,640 - watchfiles.main - INFO - 1 change detected
2026-01-04 11:35:22,997 - watchfiles.main - INFO - 1 change detected
2026-01-04 11:35:23,383 - watchfiles.main - INFO - 1 change detected
2026-01-04 11:35:23,790 - watchfiles.main - INFO - 1 change detected
2026-01-04 11:35:24,214 - watchfiles.main - INFO - 1 change detected
2026-01-04 11:35:24,620 - watchfiles.main - INFO - 1 change detected
2026-01-04 11:35:25,026 - watchfiles.main - INFO - 1 change detected
2026-01-04 11:35:25,390 - watchfiles.main - INFO - 1 change detected
2026-01-04 11:35:25,792 - watchfiles.main - INFO - 1 change detected
2026-01-04 11:35:26,190 - watchfiles.main - INFO - 1 change detected
2026-01-04 11:35:26,600 - watchfiles.main - INFO - 1 change detected
2026-01-04 11:35:27,018 - watchfiles.main - INFO - 1 change detected
2026-01-04 11:35:27,448 - watchfiles.main - INFO - 1 change detected
2026-01-04 11:35:27,830 - watchfiles.main - INFO - 1 change detected
2026-01-04 11:35:28,197 - watchfiles.main - INFO - 1 change detected
2026-01-04 11:35:28,555 - watchfiles.main - INFO - 1 change detected
2026-01-04 11:35:28,945 - watchfiles.main - INFO - 1 change detected
2026-01-04 11:35:29,334 - watchfiles.main - INFO - 1 change detected
2026-01-04 11:35:29,760 - watchfiles.main - INFO - 1 change detected
2026-01-04 11:35:30,234 - watchfiles.main - INFO - 1 change detected
2026-01-04 11:35:30,626 - watchfiles.main - INFO - 1 change detected
2026-01-04 11:35:31,012 - watchfiles.main - INFO - 1 change detected
2026-01-04 11:35:31,436 - watchfiles.main - INFO - 1 change detected
2026-01-04 11:35:31,802 - watchfiles.main - INFO - 1 change detected
2026-01-04 11:35:32,251 - watchfiles.main - INFO - 1 change detected
2026-01-04 11:35:32,721 - watchfiles.main - INFO - 1 change detected
2026-01-04 11:35:33,192 - watchfiles.main - INFO - 1 change detected
2026-01-04 11:35:33,633 - watchfiles.main - INFO - 1 change detected
2026-01-04 11:35:34,128 - watchfiles.main - INFO - 1 change detected
2026-01-04 11:35:34,592 - watchfiles.main - INFO - 1 change detected
2026-01-04 11:35:35,037 - watchfiles.main - INFO - 1 change detected
2026-01-04 11:35:35,401 - watchfiles.main - INFO - 1 change detected
2026-01-04 11:35:35,839 - watchfiles.main - INFO - 1 change detected
2026-01-04 11:35:36,248 - watchfiles.main - INFO - 1 change detected
2026-01-04 11:35:36,716 - watchfiles.main - INFO - 1 change detected
2026-01-04 11:35:37,157 - watchfiles.main - INFO - 1 change detected
2026-01-04 11:35:37,661 - watchfiles.main - INFO - 1 change detected
2026-01-04 11:35:38,109 - watchfiles.main - INFO - 1 change detected
2026-01-04 11:35:38,523 - watchfiles.main - INFO - 1 change detected
2026-01-04 11:35:38,905 - watchfiles.main - INFO - 1 change detected
2026-01-04 11:35:39,296 - watchfiles.main - INFO - 1 change detected
2026-01-04 11:35:39,707 - watchfiles.main - INFO - 1 change detected
2026-01-04 11:35:40,130 - watchfiles.main - INFO - 1 change detected
2026-01-04 11:35:40,545 - watchfiles.main - INFO - 1 change detected
2026-01-04 11:35:40,938 - watchfiles.main - INFO - 1 change detected
2026-01-04 11:35:41,309 - watchfiles.main - INFO - 1 change detected
2026-01-04 11:35:41,664 - watchfiles.main - INFO - 1 change detected
2026-01-04 11:35:42,046 - watchfiles.main - INFO - 1 change detected
2026-01-04 11:35:42,449 - watchfiles.main - INFO - 1 change detected
2026-01-04 11:35:42,887 - watchfiles.main - INFO - 1 change detected
2026-01-04 11:35:43,384 - watchfiles.main - INFO - 1 change detected
2026-01-04 11:35:43,930 - watchfiles.main - INFO - 1 change detected
2026-01-04 11:35:44,372 - watchfiles.main - INFO - 1 change detected
2026-01-04 11:35:44,821 - watchfiles.main - INFO - 1 change detected
2026-01-04 11:35:45,188 - watchfiles.main - INFO - 1 change detected
2026-01-04 11:35:45,559 - watchfiles.main - INFO - 1 change detected
2026-01-04 11:35:45,981 - watchfiles.main - INFO - 1 change detected
2026-01-04 11:35:46,381 - watchfiles.main - INFO - 1 change detected
2026-01-04 11:35:46,796 - watchfiles.main - INFO - 1 change detected
2026-01-04 11:35:47,207 - watchfiles.main - INFO - 1 change detected
2026-01-04 11:35:47,602 - watchfiles.main - INFO - 1 change detected
2026-01-04 11:35:47,984 - watchfiles.main - INFO - 1 change detected
2026-01-04 11:35:48,345 - watchfiles.main - INFO - 1 change detected
2026-01-04 11:35:48,760 - watchfiles.main - INFO - 1 change detected
2026-01-04 11:35:49,260 - watchfiles.main - INFO - 1 change detected
2026-01-04 11:35:49,718 - watchfiles.main - INFO - 1 change detected
2026-01-04 11:35:50,209 - watchfiles.main - INFO - 1 change detected
2026-01-04 11:35:50,621 - watchfiles.main - INFO - 1 change detected
2026-01-04 11:35:51,018 - watchfiles.main - INFO - 1 change detected
2026-01-04 11:35:51,451 - watchfiles.main - INFO - 1 change detected
2026-01-04 11:35:51,856 - watchfiles.main - INFO - 1 change detected
2026-01-04 11:35:52,232 - watchfiles.main - INFO - 1 change detected
2026-01-04 11:35:52,642 - watchfiles.main - INFO - 1 change detected
2026-01-04 11:35:53,040 - watchfiles.main - INFO - 1 change detected
2026-01-04 11:35:53,445 - watchfiles.main - INFO - 1 change detected
2026-01-04 11:35:53,840 - watchfiles.main - INFO - 1 change detected
2026-01-04 11:35:54,331 - watchfiles.main - INFO - 1 change detected
2026-01-04 11:35:54,797 - watchfiles.main - INFO - 1 change detected
2026-01-04 11:35:55,168 - watchfiles.main - INFO - 1 change detected
2026-01-04 11:35:55,558 - watchfiles.main - INFO - 1 change detected
2026-01-04 11:35:55,949 - watchfiles.main - INFO - 1 change detected
2026-01-04 11:35:56,444 - watchfiles.main - INFO - 1 change detected
2026-01-04 11:35:56,859 - watchfiles.main - INFO - 1 change detected
2026-01-04 11:35:57,312 - watchfiles.main - INFO - 1 change detected
2026-01-04 11:35:57,720 - watchfiles.main - INFO - 1 change detected
2026-01-04 11:35:58,076 - watchfiles.main - INFO - 1 change detected
2026-01-04 11:35:58,460 - watchfiles.main - INFO - 1 change detected
2026-01-04 11:35:58,868 - watchfiles.main - INFO - 1 change detected
2026-01-04 11:36:00,045 - watchfiles.main - INFO - 1 change detected
2026-01-04 11:36:00,449 - watchfiles.main - INFO - 1 change detected
2026-01-04 11:36:01,011 - watchfiles.main - INFO - 1 change detected
2026-01-04 11:36:01,429 - watchfiles.main - INFO - 1 change detected
2026-01-04 11:36:01,836 - watchfiles.main - INFO - 1 change detected
2026-01-04 11:36:02,241 - watchfiles.main - INFO - 1 change detected
2026-01-04 11:36:02,732 - watchfiles.main - INFO - 1 change detected
2026-01-04 11:36:03,197 - watchfiles.main - INFO - 1 change detected
2026-01-04 11:36:03,593 - watchfiles.main - INFO - 1 change detected
2026-01-04 11:36:04,054 - watchfiles.main - INFO - 1 change detected
2026-01-04 11:36:04,474 - watchfiles.main - INFO - 1 change detected
2026-01-04 11:36:04,883 - watchfiles.main - INFO - 1 change detected
2026-01-04 11:36:05,303 - watchfiles.main - INFO - 1 change detected
2026-01-04 11:36:05,823 - watchfiles.main - INFO - 1 change detected
2026-01-04 11:36:06,287 - watchfiles.main - INFO - 1 change detected
2026-01-04 11:36:06,757 - watchfiles.main - INFO - 1 change detected
2026-01-04 11:36:07,225 - watchfiles.main - INFO - 1 change detected
2026-01-04 11:36:07,708 - watchfiles.main - INFO - 1 change detected
2026-01-04 11:36:08,134 - watchfiles.main - INFO - 1 change detected
2026-01-04 11:36:08,495 - watchfiles.main - INFO - 1 change detected
2026-01-04 11:36:08,899 - watchfiles.main - INFO - 1 change detected
2026-01-04 11:36:09,304 - watchfiles.main - INFO - 1 change detected
2026-01-04 11:36:09,821 - watchfiles.main - INFO - 1 change detected
2026-01-04 11:36:10,273 - watchfiles.main - INFO - 1 change detected
2026-01-04 11:36:10,730 - watchfiles.main - INFO - 1 change detected
2026-01-04 11:36:11,182 - watchfiles.main - INFO - 1 change detected
2026-01-04 11:36:11,611 - watchfiles.main - INFO - 1 change detected
2026-01-04 11:36:11,968 - watchfiles.main - INFO - 1 change detected
2026-01-04 11:36:12,415 - watchfiles.main - INFO - 1 change detected
2026-01-04 11:36:12,829 - watchfiles.main - INFO - 1 change detected
2026-01-04 11:36:13,308 - watchfiles.main - INFO - 1 change detected
2026-01-04 11:36:13,701 - watchfiles.main - INFO - 1 change detected
2026-01-04 11:36:14,097 - watchfiles.main - INFO - 1 change detected
2026-01-04 11:36:14,670 - watchfiles.main - INFO - 1 change detected
2026-01-04 11:36:15,099 - watchfiles.main - INFO - 1 change detected
2026-01-04 11:36:15,612 - watchfiles.main - INFO - 1 change detected
2026-01-04 11:36:16,071 - watchfiles.main - INFO - 1 change detected
2026-01-04 11:36:16,460 - watchfiles.main - INFO - 1 change detected
2026-01-04 11:36:16,869 - watchfiles.main - INFO - 1 change detected
2026-01-04 11:36:17,249 - watchfiles.main - INFO - 1 change detected
2026-01-04 11:36:17,659 - watchfiles.main - INFO - 1 change detected
2026-01-04 11:36:18,030 - watchfiles.main - INFO - 1 change detected
2026-01-04 11:36:18,464 - watchfiles.main - INFO - 1 change detected
2026-01-04 11:36:18,918 - watchfiles.main - INFO - 1 change detected
2026-01-04 11:36:19,345 - watchfiles.main - INFO - 1 change detected
2026-01-04 11:36:19,817 - watchfiles.main - INFO - 1 change detected
2026-01-04 11:36:20,381 - watchfiles.main - INFO - 1 change detected
2026-01-04 11:36:20,795 - watchfiles.main - INFO - 1 change detected
2026-01-04 11:36:21,409 - watchfiles.main - INFO - 1 change detected
2026-01-04 11:36:21,881 - watchfiles.main - INFO - 1 change detected
2026-01-04 11:36:22,349 - watchfiles.main - INFO - 1 change detected
2026-01-04 11:36:22,928 - watchfiles.main - INFO - 1 change detected
2026-01-04 11:36:23,349 - watchfiles.main - INFO - 1 change detected
2026-01-04 11:36:23,743 - watchfiles.main - INFO - 1 change detected
2026-01-04 11:36:24,111 - watchfiles.main - INFO - 1 change detected
2026-01-04 11:36:24,520 - watchfiles.main - INFO - 1 change detected
2026-01-04 11:36:24,873 - watchfiles.main - INFO - 1 change detected
2026-01-04 11:36:25,312 - watchfiles.main - INFO - 1 change detected
2026-01-04 11:36:25,744 - watchfiles.main - INFO - 1 change detected
2026-01-04 11:36:26,256 - watchfiles.main - INFO - 1 change detected
2026-01-04 11:36:26,647 - watchfiles.main - INFO - 1 change detected
2026-01-04 11:36:27,153 - watchfiles.main - INFO - 1 change detected
2026-01-04 11:36:27,583 - watchfiles.main - INFO - 1 change detected
2026-01-04 11:36:27,986 - watchfiles.main - INFO - 1 change detected
2026-01-04 11:36:28,428 - watchfiles.main - INFO - 1 change detected
2026-01-04 11:36:28,844 - watchfiles.main - INFO - 1 change detected
2026-01-04 11:36:29,280 - watchfiles.main - INFO - 1 change detected
2026-01-04 11:36:29,735 - watchfiles.main - INFO - 1 change detected
2026-01-04 11:36:30,251 - watchfiles.main - INFO - 1 change detected
2026-01-04 11:36:30,632 - watchfiles.main - INFO - 1 change detected
2026-01-04 11:36:31,048 - watchfiles.main - INFO - 1 change detected
2026-01-04 11:36:31,476 - watchfiles.main - INFO - 1 change detected
2026-01-04 11:36:31,913 - watchfiles.main - INFO - 1 change detected
2026-01-04 11:36:32,509 - watchfiles.main - INFO - 1 change detected
2026-01-04 11:36:33,044 - watchfiles.main - INFO - 1 change detected
2026-01-04 11:36:33,463 - watchfiles.main - INFO - 1 change detected
2026-01-04 11:36:33,869 - watchfiles.main - INFO - 1 change detected
2026-01-04 11:36:34,256 - watchfiles.main - INFO - 1 change detected
2026-01-04 11:36:34,658 - watchfiles.main - INFO - 1 change detected
2026-01-04 11:36:35,111 - watchfiles.main - INFO - 1 change detected
2026-01-04 11:36:35,548 - watchfiles.main - INFO - 1 change detected
2026-01-04 11:36:36,011 - watchfiles.main - INFO - 1 change detected
2026-01-04 11:36:36,392 - watchfiles.main - INFO - 1 change detected
2026-01-04 11:36:37,008 - watchfiles.main - INFO - 2 changes detected
2026-01-04 11:37:01,358 - watchfiles.main - INFO - 7 changes detected
2026-01-04 11:37:23,295 - watchfiles.main - INFO - 1 change detected
2026-01-04 11:37:23,808 - watchfiles.main - INFO - 1 change detected
2026-01-04 11:37:24,211 - watchfiles.main - INFO - 1 change detected
2026-01-04 11:37:24,994 - watchfiles.main - INFO - 1 change detected
2026-01-04 11:37:25,385 - watchfiles.main - INFO - 1 change detected
2026-01-04 11:37:25,830 - watchfiles.main - INFO - 1 change detected
2026-01-04 11:37:26,194 - watchfiles.main - INFO - 1 change detected
2026-01-04 11:37:26,563 - watchfiles.main - INFO - 1 change detected
2026-01-04 11:37:26,968 - watchfiles.main - INFO - 1 change detected
2026-01-04 11:37:27,365 - watchfiles.main - INFO - 1 change detected
2026-01-04 11:37:27,753 - watchfiles.main - INFO - 1 change detected
2026-01-04 11:37:28,239 - watchfiles.main - INFO - 1 change detected
2026-01-04 11:37:28,645 - watchfiles.main - INFO - 1 change detected
2026-01-04 11:37:29,019 - watchfiles.main - INFO - 1 change detected
2026-01-04 11:37:29,409 - watchfiles.main - INFO - 1 change detected
2026-01-04 11:37:32,022 - watchfiles.main - INFO - 1 change detected
2026-01-04 11:37:32,375 - watchfiles.main - INFO - 1 change detected
2026-01-04 11:37:32,755 - watchfiles.main - INFO - 1 change detected
2026-01-04 11:37:33,147 - watchfiles.main - INFO - 1 change detected
2026-01-04 11:37:33,567 - watchfiles.main - INFO - 1 change detected
2026-01-04 11:37:33,979 - watchfiles.main - INFO - 1 change detected
2026-01-04 11:37:34,371 - watchfiles.main - INFO - 1 change detected
2026-01-04 11:37:34,767 - watchfiles.main - INFO - 1 change detected
2026-01-04 11:37:35,345 - watchfiles.main - INFO - 1 change detected
2026-01-04 11:37:41,738 - watchfiles.main - INFO - 1 change detected
2026-01-04 11:37:42,756 - watchfiles.main - INFO - 1 change detected
2026-01-04 11:37:43,186 - watchfiles.main - INFO - 1 change detected
2026-01-04 11:37:43,597 - watchfiles.main - INFO - 1 change detected
2026-01-04 11:37:44,147 - watchfiles.main - INFO - 1 change detected
2026-01-04 11:37:44,554 - watchfiles.main - INFO - 1 change detected
2026-01-04 11:37:44,950 - watchfiles.main - INFO - 1 change detected
2026-01-04 11:37:45,411 - watchfiles.main - INFO - 1 change detected
2026-01-04 11:37:45,891 - watchfiles.main - INFO - 1 change detected
2026-01-04 11:37:46,278 - watchfiles.main - INFO - 5 changes detected
2026-01-04 11:37:46,660 - watchfiles.main - INFO - 1 change detected
2026-01-04 11:37:47,074 - watchfiles.main - INFO - 1 change detected
2026-01-04 11:37:47,478 - watchfiles.main - INFO - 1 change detected
2026-01-04 11:37:47,900 - watchfiles.main - INFO - 1 change detected
2026-01-04 11:37:48,280 - watchfiles.main - INFO - 1 change detected
2026-01-04 11:37:48,724 - watchfiles.main - INFO - 1 change detected
2026-01-04 11:37:49,142 - watchfiles.main - INFO - 1 change detected
2026-01-04 11:37:49,533 - watchfiles.main - INFO - 1 change detected
2026-01-04 11:37:50,087 - watchfiles.main - INFO - 1 change detected
2026-01-04 11:37:50,554 - watchfiles.main - INFO - 1 change detected
2026-01-04 11:37:51,032 - watchfiles.main - INFO - 1 change detected
2026-01-04 11:37:51,440 - watchfiles.main - INFO - 1 change detected
2026-01-04 11:37:51,845 - watchfiles.main - INFO - 1 change detected
2026-01-04 11:37:52,293 - watchfiles.main - INFO - 1 change detected
2026-01-04 11:37:52,664 - watchfiles.main - INFO - 1 change detected
2026-01-04 11:37:53,027 - watchfiles.main - INFO - 1 change detected
2026-01-04 11:37:53,417 - watchfiles.main - INFO - 1 change detected
2026-01-04 11:37:53,842 - watchfiles.main - INFO - 1 change detected
2026-01-04 11:37:54,267 - watchfiles.main - INFO - 1 change detected
2026-01-04 11:37:54,700 - watchfiles.main - INFO - 1 change detected
2026-01-04 11:37:55,106 - watchfiles.main - INFO - 1 change detected
